# JRE version: OpenJDK Runtime Environment (17.0) (fastdebug build 17-internal+0-adhoc.zeedh.jdk-rtgc)
# Java VM: OpenJDK 64-Bit Client VM (fastdebug 17-internal+0-adhoc.zeedh.jdk-rtgc, mixed mode, emulated-client, compressed oops, compressed class ptrs, serial gc, bsd-amd64)
GC Precious Log:
 CPUs: 8 total, 8 available
 Memory: 16384M
 Large Page Support: Disabled
 NUMA Support: Disabled
 Compressed Oops: Enabled (Zero based)
 Heap Min Capacity: 10M
 Heap Initial Capacity: 10M
 Heap Max Capacity: 200M
 Pre-touch: Disabled
Heap:
 def new generation   total 18432K, used 18431K [0x00000007f3800000, 0x00000007f4c00000, 0x00000007f4c00000)
  eden space 16384K, 100% used [0x00000007f3800000, 0x00000007f4800000, 0x00000007f4800000)
  from space 2048K,  99% used [0x00000007f4800000, 0x00000007f49ffff8, 0x00000007f4a00000)
  to   space 2048K,   0% used [0x00000007f4a00000, 0x00000007f4a00700, 0x00000007f4c00000)
 tenured generation   total 74924K, used 60063K [0x00000007f4c00000, 0x00000007f952b000, 0x0000000800000000)
   the space 74924K,  80% used [0x00000007f4c00000, 0x00000007f86a7d50, 0x00000007f86a7e00, 0x00000007f952b000)
 Metaspace       used 6423K, committed 6656K, reserved 1056768K
  class space    used 589K, committed 704K, reserved 1048576K
GC Heap History (20 events):
Event: 11.074 GC heap after
{Heap after GC invocations=143 (full 20):
 def new generation   total 18432K, used 1575K [0x00000007f3800000, 0x00000007f4c00000, 0x00000007f4c00000)
  eden space 16384K,   0% used [0x00000007f3800000, 0x00000007f3800000, 0x00000007f4800000)
  from space 2048K,  76% used [0x00000007f4800000, 0x00000007f4989f18, 0x00000007f4a00000)
  to   space 2048K,   0% used [0x00000007f4a00000, 0x00000007f4a00000, 0x00000007f4c00000)
 tenured generation   total 59172K, used 54305K [0x00000007f4c00000, 0x00000007f85c9000, 0x0000000800000000)
   the space 59172K,  91% used [0x00000007f4c00000, 0x00000007f81087f8, 0x00000007f8108800, 0x00000007f85c9000)
 Metaspace       used 6423K, committed 6656K, reserved 1056768K
  class space    used 589K, committed 704K, reserved 1048576K
}
Event: 11.153 GC heap before
{Heap before GC invocations=143 (full 20):
 def new generation   total 18432K, used 17959K [0x00000007f3800000, 0x00000007f4c00000, 0x00000007f4c00000)
  eden space 16384K, 100% used [0x00000007f3800000, 0x00000007f4800000, 0x00000007f4800000)
  from space 2048K,  76% used [0x00000007f4800000, 0x00000007f4989f18, 0x00000007f4a00000)
  to   space 2048K,   0% used [0x00000007f4a00000, 0x00000007f4a00000, 0x00000007f4c00000)
 tenured generation   total 59172K, used 54305K [0x00000007f4c00000, 0x00000007f85c9000, 0x0000000800000000)
   the space 59172K,  91% used [0x00000007f4c00000, 0x00000007f81087f8, 0x00000007f8108800, 0x00000007f85c9000)
 Metaspace       used 6423K, committed 6656K, reserved 1056768K
  class space    used 589K, committed 704K, reserved 1048576K
}
Event: 11.161 GC heap after
{Heap after GC invocations=144 (full 20):
 def new generation   total 18432K, used 1575K [0x00000007f3800000, 0x00000007f4c00000, 0x00000007f4c00000)
  eden space 16384K,   0% used [0x00000007f3800000, 0x00000007f3800000, 0x00000007f4800000)
  from space 2048K,  76% used [0x00000007f4a00000, 0x00000007f4b89d18, 0x00000007f4c00000)
  to   space 2048K,   0% used [0x00000007f4800000, 0x00000007f4800000, 0x00000007f4a00000)
 tenured generation   total 59172K, used 55092K [0x00000007f4c00000, 0x00000007f85c9000, 0x0000000800000000)
   the space 59172K,  93% used [0x00000007f4c00000, 0x00000007f81cd240, 0x00000007f81cd400, 0x00000007f85c9000)
 Metaspace       used 6423K, committed 6656K, reserved 1056768K
  class space    used 589K, committed 704K, reserved 1048576K
}
Event: 11.260 GC heap before
{Heap before GC invocations=144 (full 20):
 def new generation   total 18432K, used 17959K [0x00000007f3800000, 0x00000007f4c00000, 0x00000007f4c00000)
  eden space 16384K, 100% used [0x00000007f3800000, 0x00000007f4800000, 0x00000007f4800000)
  from space 2048K,  76% used [0x00000007f4a00000, 0x00000007f4b89d18, 0x00000007f4c00000)
  to   space 2048K,   0% used [0x00000007f4800000, 0x00000007f4800000, 0x00000007f4a00000)
 tenured generation   total 59172K, used 55092K [0x00000007f4c00000, 0x00000007f85c9000, 0x0000000800000000)
   the space 59172K,  93% used [0x00000007f4c00000, 0x00000007f81cd240, 0x00000007f81cd400, 0x00000007f85c9000)
 Metaspace       used 6423K, committed 6656K, reserved 1056768K
  class space    used 589K, committed 704K, reserved 1048576K
}
Event: 11.270 GC heap after
{Heap after GC invocations=145 (full 20):
 def new generation   total 18432K, used 1576K [0x00000007f3800000, 0x00000007f4c00000, 0x00000007f4c00000)
  eden space 16384K,   0% used [0x00000007f3800000, 0x00000007f3800000, 0x00000007f4800000)
  from space 2048K,  76% used [0x00000007f4800000, 0x00000007f498a130, 0x00000007f4a00000)
  to   space 2048K,   0% used [0x00000007f4a00000, 0x00000007f4a00000, 0x00000007f4c00000)
 tenured generation   total 59172K, used 55880K [0x00000007f4c00000, 0x00000007f85c9000, 0x0000000800000000)
   the space 59172K,  94% used [0x00000007f4c00000, 0x00000007f82920b0, 0x00000007f8292200, 0x00000007f85c9000)
 Metaspace       used 6423K, committed 6656K, reserved 1056768K
  class space    used 589K, committed 704K, reserved 1048576K
}
Event: 11.355 GC heap before
{Heap before GC invocations=145 (full 20):
 def new generation   total 18432K, used 17960K [0x00000007f3800000, 0x00000007f4c00000, 0x00000007f4c00000)
  eden space 16384K, 100% used [0x00000007f3800000, 0x00000007f4800000, 0x00000007f4800000)
  from space 2048K,  76% used [0x00000007f4800000, 0x00000007f498a130, 0x00000007f4a00000)
  to   space 2048K,   0% used [0x00000007f4a00000, 0x00000007f4a00000, 0x00000007f4c00000)
 tenured generation   total 59172K, used 55880K [0x00000007f4c00000, 0x00000007f85c9000, 0x0000000800000000)
   the space 59172K,  94% used [0x00000007f4c00000, 0x00000007f82920b0, 0x00000007f8292200, 0x00000007f85c9000)
 Metaspace       used 6423K, committed 6656K, reserved 1056768K
  class space    used 589K, committed 704K, reserved 1048576K
}
Event: 11.362 GC heap after
{Heap after GC invocations=146 (full 20):
 def new generation   total 18432K, used 1574K [0x00000007f3800000, 0x00000007f4c00000, 0x00000007f4c00000)
  eden space 16384K,   0% used [0x00000007f3800000, 0x00000007f3800000, 0x00000007f4800000)
  from space 2048K,  76% used [0x00000007f4a00000, 0x00000007f4b89958, 0x00000007f4c00000)
  to   space 2048K,   0% used [0x00000007f4800000, 0x00000007f4800000, 0x00000007f4a00000)
 tenured generation   total 59172K, used 56667K [0x00000007f4c00000, 0x00000007f85c9000, 0x0000000800000000)
   the space 59172K,  95% used [0x00000007f4c00000, 0x00000007f8356f20, 0x00000007f8357000, 0x00000007f85c9000)
 Metaspace       used 6423K, committed 6656K, reserved 1056768K
  class space    used 589K, committed 704K, reserved 1048576K
}
Event: 11.451 GC heap before
{Heap before GC invocations=146 (full 20):
 def new generation   total 18432K, used 17958K [0x00000007f3800000, 0x00000007f4c00000, 0x00000007f4c00000)
  eden space 16384K, 100% used [0x00000007f3800000, 0x00000007f4800000, 0x00000007f4800000)
  from space 2048K,  76% used [0x00000007f4a00000, 0x00000007f4b89958, 0x00000007f4c00000)
  to   space 2048K,   0% used [0x00000007f4800000, 0x00000007f4800000, 0x00000007f4a00000)
 tenured generation   total 59172K, used 56667K [0x00000007f4c00000, 0x00000007f85c9000, 0x0000000800000000)
   the space 59172K,  95% used [0x00000007f4c00000, 0x00000007f8356f20, 0x00000007f8357000, 0x00000007f85c9000)
 Metaspace       used 6423K, committed 6656K, reserved 1056768K
  class space    used 589K, committed 704K, reserved 1048576K
}
Event: 11.459 GC heap after
{Heap after GC invocations=147 (full 20):
 def new generation   total 18432K, used 1575K [0x00000007f3800000, 0x00000007f4c00000, 0x00000007f4c00000)
  eden space 16384K,   0% used [0x00000007f3800000, 0x00000007f3800000, 0x00000007f4800000)
  from space 2048K,  76% used [0x00000007f4800000, 0x00000007f4989c70, 0x00000007f4a00000)
  to   space 2048K,   0% used [0x00000007f4a00000, 0x00000007f4a00000, 0x00000007f4c00000)
 tenured generation   total 59172K, used 57455K [0x00000007f4c00000, 0x00000007f85c9000, 0x0000000800000000)
   the space 59172K,  97% used [0x00000007f4c00000, 0x00000007f841bd90, 0x00000007f841be00, 0x00000007f85c9000)
 Metaspace       used 6423K, committed 6656K, reserved 1056768K
  class space    used 589K, committed 704K, reserved 1048576K
}
Event: 11.554 GC heap before
{Heap before GC invocations=147 (full 20):
 def new generation   total 18432K, used 17959K [0x00000007f3800000, 0x00000007f4c00000, 0x00000007f4c00000)
  eden space 16384K,  99% used [0x00000007f3800000, 0x00000007f47fffe8, 0x00000007f4800000)
  from space 2048K,  76% used [0x00000007f4800000, 0x00000007f4989c70, 0x00000007f4a00000)
  to   space 2048K,   0% used [0x00000007f4a00000, 0x00000007f4a00000, 0x00000007f4c00000)
 tenured generation   total 59172K, used 57455K [0x00000007f4c00000, 0x00000007f85c9000, 0x0000000800000000)
   the space 59172K,  97% used [0x00000007f4c00000, 0x00000007f841bd90, 0x00000007f841be00, 0x00000007f85c9000)
 Metaspace       used 6423K, committed 6656K, reserved 1056768K
  class space    used 589K, committed 704K, reserved 1048576K
}
Event: 11.562 GC heap after
{Heap after GC invocations=148 (full 20):
 def new generation   total 18432K, used 1576K [0x00000007f3800000, 0x00000007f4c00000, 0x00000007f4c00000)
  eden space 16384K,   0% used [0x00000007f3800000, 0x00000007f3800000, 0x00000007f4800000)
  from space 2048K,  76% used [0x00000007f4a00000, 0x00000007f4b8a240, 0x00000007f4c00000)
  to   space 2048K,   0% used [0x00000007f4800000, 0x00000007f4800000, 0x00000007f4a00000)
 tenured generation   total 59172K, used 58241K [0x00000007f4c00000, 0x00000007f85c9000, 0x0000000800000000)
   the space 59172K,  98% used [0x00000007f4c00000, 0x00000007f84e07d8, 0x00000007f84e0800, 0x00000007f85c9000)
 Metaspace       used 6423K, committed 6656K, reserved 1056768K
  class space    used 589K, committed 704K, reserved 1048576K
}
Event: 11.645 GC heap before
{Heap before GC invocations=148 (full 20):
 def new generation   total 18432K, used 17960K [0x00000007f3800000, 0x00000007f4c00000, 0x00000007f4c00000)
  eden space 16384K, 100% used [0x00000007f3800000, 0x00000007f4800000, 0x00000007f4800000)
  from space 2048K,  76% used [0x00000007f4a00000, 0x00000007f4b8a240, 0x00000007f4c00000)
  to   space 2048K,   0% used [0x00000007f4800000, 0x00000007f4800000, 0x00000007f4a00000)
 tenured generation   total 59172K, used 58241K [0x00000007f4c00000, 0x00000007f85c9000, 0x0000000800000000)
   the space 59172K,  98% used [0x00000007f4c00000, 0x00000007f84e07d8, 0x00000007f84e0800, 0x00000007f85c9000)
 Metaspace       used 6423K, committed 6656K, reserved 1056768K
  class space    used 589K, committed 704K, reserved 1048576K
}
Event: 11.653 GC heap after
{Heap after GC invocations=149 (full 20):
 def new generation   total 18432K, used 1575K [0x00000007f3800000, 0x00000007f4c00000, 0x00000007f4c00000)
  eden space 16384K,   0% used [0x00000007f3800000, 0x00000007f3800000, 0x00000007f4800000)
  from space 2048K,  76% used [0x00000007f4800000, 0x00000007f4989c00, 0x00000007f4a00000)
  to   space 2048K,   0% used [0x00000007f4a00000, 0x00000007f4a00000, 0x00000007f4c00000)
 tenured generation   total 59172K, used 59029K [0x00000007f4c00000, 0x00000007f85c9000, 0x0000000800000000)
   the space 59172K,  99% used [0x00000007f4c00000, 0x00000007f85a5648, 0x00000007f85a5800, 0x00000007f85c9000)
 Metaspace       used 6423K, committed 6656K, reserved 1056768K
  class space    used 589K, committed 704K, reserved 1048576K
}
Event: 11.738 GC heap before
{Heap before GC invocations=149 (full 20):
 def new generation   total 18432K, used 17959K [0x00000007f3800000, 0x00000007f4c00000, 0x00000007f4c00000)
  eden space 16384K, 100% used [0x00000007f3800000, 0x00000007f4800000, 0x00000007f4800000)
  from space 2048K,  76% used [0x00000007f4800000, 0x00000007f4989c00, 0x00000007f4a00000)
  to   space 2048K,   0% used [0x00000007f4a00000, 0x00000007f4a00000, 0x00000007f4c00000)
 tenured generation   total 59172K, used 59029K [0x00000007f4c00000, 0x00000007f85c9000, 0x0000000800000000)
   the space 59172K,  99% used [0x00000007f4c00000, 0x00000007f85a5648, 0x00000007f85a5800, 0x00000007f85c9000)
 Metaspace       used 6423K, committed 6656K, reserved 1056768K
  class space    used 589K, committed 704K, reserved 1048576K
}
Event: 11.745 GC heap after
{Heap after GC invocations=150 (full 20):
 def new generation   total 18432K, used 1575K [0x00000007f3800000, 0x00000007f4c00000, 0x00000007f4c00000)
  eden space 16384K,   0% used [0x00000007f3800000, 0x00000007f3800000, 0x00000007f4800000)
  from space 2048K,  76% used [0x00000007f4a00000, 0x00000007f4b89df8, 0x00000007f4c00000)
  to   space 2048K,   0% used [0x00000007f4800000, 0x00000007f4800000, 0x00000007f4a00000)
 tenured generation   total 59940K, used 59817K [0x00000007f4c00000, 0x00000007f8689000, 0x0000000800000000)
   the space 59940K,  99% used [0x00000007f4c00000, 0x00000007f866a4b8, 0x00000007f866a600, 0x00000007f8689000)
 Metaspace       used 6423K, committed 6656K, reserved 1056768K
  class space    used 589K, committed 704K, reserved 1048576K
}
Event: 11.745 GC heap before
{Heap before GC invocations=150 (full 20):
 def new generation   total 18432K, used 1575K [0x00000007f3800000, 0x00000007f4c00000, 0x00000007f4c00000)
  eden space 16384K,   0% used [0x00000007f3800000, 0x00000007f3800000, 0x00000007f4800000)
  from space 2048K,  76% used [0x00000007f4a00000, 0x00000007f4b89df8, 0x00000007f4c00000)
  to   space 2048K,   0% used [0x00000007f4800000, 0x00000007f4800000, 0x00000007f4a00000)
 tenured generation   total 59940K, used 59817K [0x00000007f4c00000, 0x00000007f8689000, 0x0000000800000000)
   the space 59940K,  99% used [0x00000007f4c00000, 0x00000007f866a4b8, 0x00000007f866a600, 0x00000007f8689000)
 Metaspace       used 6423K, committed 6656K, reserved 1056768K
  class space    used 589K, committed 704K, reserved 1048576K
}
Event: 11.830 GC heap after
{Heap after GC invocations=150 (full 21):
 def new generation   total 18432K, used 1453K [0x00000007f3800000, 0x00000007f4c00000, 0x00000007f4c00000)
  eden space 16384K,   8% used [0x00000007f3800000, 0x00000007f396b670, 0x00000007f4800000)
  from space 2048K,   0% used [0x00000007f4a00000, 0x00000007f4a00000, 0x00000007f4c00000)
  to   space 2048K,   0% used [0x00000007f4800000, 0x00000007f4800000, 0x00000007f4a00000)
 tenured generation   total 74924K, used 59939K [0x00000007f4c00000, 0x00000007f952b000, 0x0000000800000000)
   the space 74924K,  79% used [0x00000007f4c00000, 0x00000007f8688c40, 0x00000007f8688e00, 0x00000007f952b000)
 Metaspace       used 6423K, committed 6656K, reserved 1056768K
  class space    used 589K, committed 704K, reserved 1048576K
}
Event: 11.895 GC heap before
{Heap before GC invocations=150 (full 21):
 def new generation   total 18432K, used 16384K [0x00000007f3800000, 0x00000007f4c00000, 0x00000007f4c00000)
  eden space 16384K, 100% used [0x00000007f3800000, 0x00000007f4800000, 0x00000007f4800000)
  from space 2048K,   0% used [0x00000007f4a00000, 0x00000007f4a00000, 0x00000007f4c00000)
  to   space 2048K,   0% used [0x00000007f4800000, 0x00000007f4800000, 0x00000007f4a00000)
 tenured generation   total 74924K, used 59939K [0x00000007f4c00000, 0x00000007f952b000, 0x0000000800000000)
   the space 74924K,  79% used [0x00000007f4c00000, 0x00000007f8688c40, 0x00000007f8688e00, 0x00000007f952b000)
 Metaspace       used 6423K, committed 6656K, reserved 1056768K
  class space    used 589K, committed 704K, reserved 1048576K
}
Event: 11.898 GC heap after
{Heap after GC invocations=151 (full 21):
 def new generation   total 18432K, used 2047K [0x00000007f3800000, 0x00000007f4c00000, 0x00000007f4c00000)
  eden space 16384K,   0% used [0x00000007f3800000, 0x00000007f3800000, 0x00000007f4800000)
  from space 2048K,  99% used [0x00000007f4800000, 0x00000007f49ffff8, 0x00000007f4a00000)
  to   space 2048K,   0% used [0x00000007f4a00000, 0x00000007f4a00000, 0x00000007f4c00000)
 tenured generation   total 74924K, used 60063K [0x00000007f4c00000, 0x00000007f952b000, 0x0000000800000000)
   the space 74924K,  80% used [0x00000007f4c00000, 0x00000007f86a7d50, 0x00000007f86a7e00, 0x00000007f952b000)
 Metaspace       used 6423K, committed 6656K, reserved 1056768K
  class space    used 589K, committed 704K, reserved 1048576K
}
Event: 11.970 GC heap before
{Heap before GC invocations=151 (full 21):
 def new generation   total 18432K, used 18431K [0x00000007f3800000, 0x00000007f4c00000, 0x00000007f4c00000)
  eden space 16384K, 100% used [0x00000007f3800000, 0x00000007f4800000, 0x00000007f4800000)
  from space 2048K,  99% used [0x00000007f4800000, 0x00000007f49ffff8, 0x00000007f4a00000)
  to   space 2048K,   0% used [0x00000007f4a00000, 0x00000007f4a00000, 0x00000007f4c00000)
 tenured generation   total 74924K, used 60063K [0x00000007f4c00000, 0x00000007f952b000, 0x0000000800000000)
   the space 74924K,  80% used [0x00000007f4c00000, 0x00000007f86a7d50, 0x00000007f86a7e00, 0x00000007f952b000)
 Metaspace       used 6423K, committed 6656K, reserved 1056768K
  class space    used 589K, committed 704K, reserved 1048576K
}

